? 2 Anima Zhuravlev [22/Nov/2025:17:36:36 +0200] "CREATE helperinfo ID:13"
? 2 Anima Zhuravlev [22/Nov/2025:18:31:33 +0200] "BACKUP_FAILED database ID:Утиліта pg_dump не знайдена. Переконайтеся, що PostgreSQL bin dir додано до PATH."
? 2 Anima Zhuravlev [22/Nov/2025:18:36:32 +0200] "BACKUP_FAILED database ID:Утиліта pg_dump не знайдена. Переконайтеся, що PostgreSQL bin dir додано до PATH."
? 2 Anima Zhuravlev [22/Nov/2025:18:38:30 +0200] "BACKUP_FAILED database ID:Утиліта pg_dump не знайдена. Переконайтеся, що PostgreSQL bin dir додано до PATH."
? 2 Anima Zhuravlev [22/Nov/2025:18:41:25 +0200] "BACKUP_FAILED database ID:Утиліта pg_dump не знайдена. Переконайтеся, що PostgreSQL bin dir додано до PATH."
? 2 Anima Zhuravlev [22/Nov/2025:18:43:06 +0200] "BACKUP database ID:backups\wdb_backup_20251122_184305.sql"
? 2 Anima Zhuravlev [22/Nov/2025:19:43:28 +0200] "CREATE helperinfo ID:14"
? 2 Anima Zhuravlev [22/Nov/2025:19:44:34 +0200] "DELETE helperinfo ID:14"
? 2 Anima Zhuravlev [23/Nov/2025:19:35:10 +0200] "DELETE webadmin ID:4"
? 2 Anima Zhuravlev [23/Nov/2025:19:35:37 +0200] "CREATE webadmin ID:6"
? 2 Anima Zhuravlev [23/Nov/2025:19:35:52 +0200] "UPDATE helperinfo ID:4"
? 6 Admin [23/Nov/2025:20:04:56 +0200] "CREATE helperinfo ID:15"
? 2 Anima Zhuravlev [23/Nov/2025:20:26:11 +0200] "UPDATE webadmin ID:6"
? 2 Anima Zhuravlev [23/Nov/2025:20:26:16 +0200] "UPDATE webadmin ID:6"
? 2 Anima Zhuravlev [26/Nov/2025:17:38:57 +0200] "CREATE webadmin ID:7"
? 2 Anima Zhuravlev [26/Nov/2025:17:39:01 +0200] "UPDATE webadmin ID:7"
? 2 Anima Zhuravlev [26/Nov/2025:20:04:25 +0200] "UPDATE webadmin ID:7"
? 2 Anima Zhuravlev [26/Nov/2025:20:21:43 +0200] "UPDATE webadmin ID:7"
? 2 Anima Zhuravlev [26/Nov/2025:20:22:14 +0200] "UPDATE webadmin ID:7"
? 2 Anima Zhuravlev [26/Nov/2025:20:22:30 +0200] "UPDATE webadmin ID:7"
? 2 Anima Zhuravlev [26/Nov/2025:20:42:26 +0200] "DELETE webadmin ID:7"
? 2 Anima Zhuravlev [26/Nov/2025:20:42:36 +0200] "CREATE webadmin ID:8"
? 2 Anima Zhuravlev [26/Nov/2025:20:42:39 +0200] "DELETE webadmin ID:8"
